#
# There is insufficient memory for the Java Runtime Environment to continue.
# Native memory allocation (malloc) failed to allocate 32756 bytes for ChunkPool::allocate
# Possible reasons:
#   The system is out of physical RAM or swap space
#   In 32 bit mode, the process size limit was hit
# Possible solutions:
#   Reduce memory load on the system
#   Increase physical memory or swap space
#   Check if swap backing store is full
#   Use 64 bit Java on a 64 bit OS
#   Decrease Java heap size (-Xmx/-Xms)
#   Decrease number of Java threads
#   Decrease Java thread stack sizes (-Xss)
#   Set larger code cache with -XX:ReservedCodeCacheSize=
# This output file may be truncated or incomplete.
#
#  Out of Memory Error (allocation.cpp:272), pid=35884, tid=0x00008c68
#
# JRE version: Java(TM) SE Runtime Environment (8.0_251-b08) (build 1.8.0_251-b08)
# Java VM: Java HotSpot(TM) Client VM (25.251-b08 mixed mode, sharing windows-x86 )
# Failed to write core dump. Minidumps are not enabled by default on client versions of Windows
#

---------------  T H R E A D  ---------------

Current thread (0x025b6800):  JavaThread "C1 CompilerThread0" daemon [_thread_in_native, id=35944, stack(0x154e0000,0x15530000)]

Stack: [0x154e0000,0x15530000],  sp=0x1552f210,  free space=316k
Native frames: (J=compiled Java code, j=interpreted, Vv=VM code, C=native code)
V  [jvm.dll+0x1ae77b]
V  [jvm.dll+0x1a6c68]
V  [jvm.dll+0x8de31]
V  [jvm.dll+0x8e00d]
V  [jvm.dll+0x8e4a7]
V  [jvm.dll+0xa60f4]
V  [jvm.dll+0x77ba5]
V  [jvm.dll+0x77c8d]
V  [jvm.dll+0x2b0ea6]
V  [jvm.dll+0x1d9d29]
V  [jvm.dll+0x2b0c53]
V  [jvm.dll+0x2adb8c]
V  [jvm.dll+0x2b15bc]
V  [jvm.dll+0x2b1b8a]
V  [jvm.dll+0x291abc]
V  [jvm.dll+0x29204d]
V  [jvm.dll+0x2920da]
V  [jvm.dll+0x292248]
V  [jvm.dll+0x2924d2]
V  [jvm.dll+0x7169a]
V  [jvm.dll+0x71e4f]
V  [jvm.dll+0x17f940]
V  [jvm.dll+0x1801ba]
V  [jvm.dll+0x1c6ea6]
C  [msvcr100.dll+0x5c556]
C  [msvcr100.dll+0x5c600]
C  [KERNEL32.DLL+0x16359]
C  [ntdll.dll+0x67c24]
C  [ntdll.dll+0x67bf4]
C  0x00000000


Current CompileTask:
C1:-1488503781 210047            
[error occurred during error reporting (printing current compile task), id 0xe0000001]


---------------  P R O C E S S  ---------------

Java Threads: ( => current thread )
  0x16dc2800 JavaThread "ForkJoinPool-1-worker-7" daemon [_thread_blocked, id=24628, stack(0x00840000,0x00890000)]
  0x16dc0800 JavaThread "ForkJoinPool-1-worker-1" daemon [_thread_blocked, id=31172, stack(0x00af0000,0x00b40000)]
  0x16dc2400 JavaThread "LabradConnection-0-1" [_thread_in_native, id=38908, stack(0x19f70000,0x19fc0000)]
  0x16dc1400 JavaThread "LabradConnection-0-0" [_thread_in_native, id=38780, stack(0x19d50000,0x19da0000)]
  0x16ccfc00 JavaThread "nioEventLoopGroup-3-7" [_thread_in_native, id=38772, stack(0x19c30000,0x19c80000)]
  0x16c72800 JavaThread "nioEventLoopGroup-3-6" [_thread_in_native, id=38764, stack(0x19810000,0x19860000)]
  0x16136800 JavaThread "nioEventLoopGroup-3-5" [_thread_in_native, id=38760, stack(0x19780000,0x197d0000)]
  0x16136000 JavaThread "nioEventLoopGroup-3-4" [_thread_in_native, id=38696, stack(0x196f0000,0x19740000)]
  0x162d5000 JavaThread "nioEventLoopGroup-3-3" [_thread_in_native, id=38684, stack(0x19660000,0x196b0000)]
  0x1569c800 JavaThread "threadDeathWatcher-4-1" daemon [_thread_blocked, id=38676, stack(0x175b0000,0x17600000)]
  0x16b91c00 JavaThread "nioEventLoopGroup-3-2" [_thread_in_native, id=38672, stack(0x17420000,0x17470000)]
  0x16b91800 JavaThread "nioEventLoopGroup-3-1" [_thread_in_native, id=38668, stack(0x17390000,0x173e0000)]
  0x02521800 JavaThread "DestroyJavaVM" [_thread_blocked, id=37036, stack(0x02360000,0x023b0000)]
  0x16b77c00 JavaThread "nioEventLoopGroup-2-1" [_thread_in_native, id=36796, stack(0x15990000,0x159e0000)]
  0x025cdc00 JavaThread "Service Thread" daemon [_thread_blocked, id=16240, stack(0x15570000,0x155c0000)]
=>0x025b6800 JavaThread "C1 CompilerThread0" daemon [_thread_in_native, id=35944, stack(0x154e0000,0x15530000)]
  0x025b5000 JavaThread "Attach Listener" daemon [_thread_blocked, id=32312, stack(0x15450000,0x154a0000)]
  0x025b2c00 JavaThread "Signal Dispatcher" daemon [_thread_blocked, id=31120, stack(0x153c0000,0x15410000)]
  0x025a9000 JavaThread "Finalizer" daemon [_thread_blocked, id=33500, stack(0x14c60000,0x14cb0000)]
  0x0254ac00 JavaThread "Reference Handler" daemon [_thread_blocked, id=31320, stack(0x04750000,0x047a0000)]

Other Threads:
  0x02548000 VMThread [stack: 0x046c0000,0x04710000] [id=37256]
  0x025ed000 WatcherThread [stack: 0x15600000,0x15650000] [id=31408]

VM state:not at safepoint (normal execution)

VM Mutex/Monitor currently owned by a thread: None

Heap:
 def new generation   total 16832K, used 7133K [0x04800000, 0x05a40000, 0x09d50000)
  eden space 14976K,  47% used [0x04800000, 0x04ef7218, 0x056a0000)
  from space 1856K,   0% used [0x05870000, 0x05870400, 0x05a40000)
  to   space 1856K,   0% used [0x056a0000, 0x056a0000, 0x05870000)
 tenured generation   total 53592K, used 39629K [0x09d50000, 0x0d1a6000, 0x14800000)
   the space 53592K,  73% used [0x09d50000, 0x0c403448, 0x0c403600, 0x0d1a6000)
 Metaspace       used 12823K, capacity 13170K, committed 13184K, reserved 13696K

Card table byte_map: [0x02450000,0x024e0000] byte_map_base: 0x0242c000

Polling page: 0x00ce0000

CodeCache: size=32768Kb used=1323Kb max_used=2271Kb free=31444Kb
 bounds [0x02620000, 0x02860000, 0x04620000]
 total_blobs=868 nmethods=669 adapters=128
 compilation: enabled

Compilation events (10 events):
Event: 2806418.468 Thread 0x025b6800 nmethod 210042 0x02812dc8 code [0x02812f00, 0x028130a4]
Event: 2806428.467 Thread 0x025b6800 210043             io.netty.util.concurrent.SingleThreadEventExecutor::inEventLoop (14 bytes)
Event: 2806428.467 Thread 0x025b6800 nmethod 210043 0x026eb788 code [0x026eb880, 0x026eb910]
Event: 2806428.467 Thread 0x025b6800 210044             io.netty.channel.nio.AbstractNioChannel::eventLoop (5 bytes)
Event: 2806428.468 Thread 0x025b6800 nmethod 210044 0x0276c0c8 code [0x0276c1d0, 0x0276c2ec]
Event: 2806433.467 Thread 0x025b6800 210045             java.lang.Enum::ordinal (5 bytes)
Event: 2806433.467 Thread 0x025b6800 nmethod 210045 0x026ebe88 code [0x026ebf80, 0x026ec000]
Event: 2806443.467 Thread 0x025b6800 210046             scala.collection.LinearSeqOptimized$class::loop$1 (52 bytes)
Event: 2806443.467 Thread 0x025b6800 nmethod 210046 0x02753988 code [0x02753ab0, 0x02753c14]
Event: 2806463.467 Thread 0x025b6800 210047             sun.nio.cs.SingleByte$Encoder::encodeArrayLoop (236 bytes)

GC Heap History (10 events):
Event: 2792023.468 GC heap before
{Heap before GC invocations=890 (full 4):
 def new generation   total 16832K, used 14977K [0x04800000, 0x05a40000, 0x09d50000)
  eden space 14976K, 100% used [0x04800000, 0x056a0000, 0x056a0000)
  from space 1856K,   0% used [0x056a0000, 0x056a0610, 0x05870000)
  to   space 1856K,   0% used [0x05870000, 0x05870000, 0x05a40000)
 tenured generation   total 53592K, used 39629K [0x09d50000, 0x0d1a6000, 0x14800000)
   the space 53592K,  73% used [0x09d50000, 0x0c403448, 0x0c403600, 0x0d1a6000)
 Metaspace       used 12823K, capacity 13170K, committed 13184K, reserved 13696K
Event: 2792023.468 GC heap after
Heap after GC invocations=891 (full 4):
 def new generation   total 16832K, used 1K [0x04800000, 0x05a40000, 0x09d50000)
  eden space 14976K,   0% used [0x04800000, 0x04800000, 0x056a0000)
  from space 1856K,   0% used [0x05870000, 0x05870438, 0x05a40000)
  to   space 1856K,   0% used [0x056a0000, 0x056a0000, 0x05870000)
 tenured generation   total 53592K, used 39629K [0x09d50000, 0x0d1a6000, 0x14800000)
   the space 53592K,  73% used [0x09d50000, 0x0c403448, 0x0c403600, 0x0d1a6000)
 Metaspace       used 12823K, capacity 13170K, committed 13184K, reserved 13696K
}
Event: 2795248.466 GC heap before
{Heap before GC invocations=891 (full 4):
 def new generation   total 16832K, used 14977K [0x04800000, 0x05a40000, 0x09d50000)
  eden space 14976K, 100% used [0x04800000, 0x056a0000, 0x056a0000)
  from space 1856K,   0% used [0x05870000, 0x05870438, 0x05a40000)
  to   space 1856K,   0% used [0x056a0000, 0x056a0000, 0x05870000)
 tenured generation   total 53592K, used 39629K [0x09d50000, 0x0d1a6000, 0x14800000)
   the space 53592K,  73% used [0x09d50000, 0x0c403448, 0x0c403600, 0x0d1a6000)
 Metaspace       used 12823K, capacity 13170K, committed 13184K, reserved 13696K
Event: 2795248.467 GC heap after
Heap after GC invocations=892 (full 4):
 def new generation   total 16832K, used 1K [0x04800000, 0x05a40000, 0x09d50000)
  eden space 14976K,   0% used [0x04800000, 0x04800000, 0x056a0000)
  from space 1856K,   0% used [0x056a0000, 0x056a04d8, 0x05870000)
  to   space 1856K,   0% used [0x05870000, 0x05870000, 0x05a40000)
 tenured generation   total 53592K, used 39629K [0x09d50000, 0x0d1a6000, 0x14800000)
   the space 53592K,  73% used [0x09d50000, 0x0c403448, 0x0c403600, 0x0d1a6000)
 Metaspace       used 12823K, capacity 13170K, committed 13184K, reserved 13696K
}
Event: 2798480.816 GC heap before
{Heap before GC invocations=892 (full 4):
 def new generation   total 16832K, used 14977K [0x04800000, 0x05a40000, 0x09d50000)
  eden space 14976K, 100% used [0x04800000, 0x056a0000, 0x056a0000)
  from space 1856K,   0% used [0x056a0000, 0x056a04d8, 0x05870000)
  to   space 1856K,   0% used [0x05870000, 0x05870000, 0x05a40000)
 tenured generation   total 53592K, used 39629K [0x09d50000, 0x0d1a6000, 0x14800000)
   the space 53592K,  73% used [0x09d50000, 0x0c403448, 0x0c403600, 0x0d1a6000)
 Metaspace       used 12823K, capacity 13170K, committed 13184K, reserved 13696K
Event: 2798480.816 GC heap after
Heap after GC invocations=893 (full 4):
 def new generation   total 16832K, used 0K [0x04800000, 0x05a40000, 0x09d50000)
  eden space 14976K,   0% used [0x04800000, 0x04800000, 0x056a0000)
  from space 1856K,   0% used [0x05870000, 0x05870140, 0x05a40000)
  to   space 1856K,   0% used [0x056a0000, 0x056a0000, 0x05870000)
 tenured generation   total 53592K, used 39629K [0x09d50000, 0x0d1a6000, 0x14800000)
   the space 53592K,  73% used [0x09d50000, 0x0c403448, 0x0c403600, 0x0d1a6000)
 Metaspace       used 12823K, capacity 13170K, committed 13184K, reserved 13696K
}
Event: 2801713.019 GC heap before
{Heap before GC invocations=893 (full 4):
 def new generation   total 16832K, used 14976K [0x04800000, 0x05a40000, 0x09d50000)
  eden space 14976K, 100% used [0x04800000, 0x056a0000, 0x056a0000)
  from space 1856K,   0% used [0x05870000, 0x05870140, 0x05a40000)
  to   space 1856K,   0% used [0x056a0000, 0x056a0000, 0x05870000)
 tenured generation   total 53592K, used 39629K [0x09d50000, 0x0d1a6000, 0x14800000)
   the space 53592K,  73% used [0x09d50000, 0x0c403448, 0x0c403600, 0x0d1a6000)
 Metaspace       used 12823K, capacity 13170K, committed 13184K, reserved 13696K
Event: 2801713.019 GC heap after
Heap after GC invocations=894 (full 4):
 def new generation   total 16832K, used 0K [0x04800000, 0x05a40000, 0x09d50000)
  eden space 14976K,   0% used [0x04800000, 0x04800000, 0x056a0000)
  from space 1856K,   0% used [0x056a0000, 0x056a01a8, 0x05870000)
  to   space 1856K,   0% used [0x05870000, 0x05870000, 0x05a40000)
 tenured generation   total 53592K, used 39629K [0x09d50000, 0x0d1a6000, 0x14800000)
   the space 53592K,  73% used [0x09d50000, 0x0c403448, 0x0c403600, 0x0d1a6000)
 Metaspace       used 12823K, capacity 13170K, committed 13184K, reserved 13696K
}
Event: 2804938.468 GC heap before
{Heap before GC invocations=894 (full 4):
 def new generation   total 16832K, used 14976K [0x04800000, 0x05a40000, 0x09d50000)
  eden space 14976K, 100% used [0x04800000, 0x056a0000, 0x056a0000)
  from space 1856K,   0% used [0x056a0000, 0x056a01a8, 0x05870000)
  to   space 1856K,   0% used [0x05870000, 0x05870000, 0x05a40000)
 tenured generation   total 53592K, used 39629K [0x09d50000, 0x0d1a6000, 0x14800000)
   the space 53592K,  73% used [0x09d50000, 0x0c403448, 0x0c403600, 0x0d1a6000)
 Metaspace       used 12823K, capacity 13170K, committed 13184K, reserved 13696K
Event: 2804938.469 GC heap after
Heap after GC invocations=895 (full 4):
 def new generation   total 16832K, used 1K [0x04800000, 0x05a40000, 0x09d50000)
  eden space 14976K,   0% used [0x04800000, 0x04800000, 0x056a0000)
  from space 1856K,   0% used [0x05870000, 0x05870400, 0x05a40000)
  to   space 1856K,   0% used [0x056a0000, 0x056a0000, 0x05870000)
 tenured generation   total 53592K, used 39629K [0x09d50000, 0x0d1a6000, 0x14800000)
   the space 53592K,  73% used [0x09d50000, 0x0c403448, 0x0c403600, 0x0d1a6000)
 Metaspace       used 12823K, capacity 13170K, committed 13184K, reserved 13696K
}

Deoptimization events (0 events):
No events

Classes redefined (0 events):
No events

Internal exceptions (10 events):
Event: 12.213 Thread 0x16cd5800 Exception <a 'java/lang/ArrayIndexOutOfBoundsException'> (0x04b841f0) thrown at [C:\jenkins\workspace\8-2-build-windows-i586-cygwin\jdk8u251\737\hotspot\src\share\vm\runtime\sharedRuntime.cpp, line 605]
Event: 12.213 Thread 0x16cd5800 Exception <a 'java/lang/ArrayIndexOutOfBoundsException'> (0x04b85938) thrown at [C:\jenkins\workspace\8-2-build-windows-i586-cygwin\jdk8u251\737\hotspot\src\share\vm\runtime\sharedRuntime.cpp, line 605]
Event: 12.213 Thread 0x16cd5800 Exception <a 'java/lang/ArrayIndexOutOfBoundsException'> (0x04b87aa0) thrown at [C:\jenkins\workspace\8-2-build-windows-i586-cygwin\jdk8u251\737\hotspot\src\share\vm\runtime\sharedRuntime.cpp, line 605]
Event: 12.213 Thread 0x16cd5800 Exception <a 'java/lang/ArrayIndexOutOfBoundsException'> (0x04b88d38) thrown at [C:\jenkins\workspace\8-2-build-windows-i586-cygwin\jdk8u251\737\hotspot\src\share\vm\runtime\sharedRuntime.cpp, line 605]
Event: 12.213 Thread 0x16cd5800 Exception <a 'java/lang/ArrayIndexOutOfBoundsException'> (0x04b8a470) thrown at [C:\jenkins\workspace\8-2-build-windows-i586-cygwin\jdk8u251\737\hotspot\src\share\vm\runtime\sharedRuntime.cpp, line 605]
Event: 12.241 Thread 0x16dc1400 Exception <a 'java/lang/ArrayIndexOutOfBoundsException'> (0x048fb820) thrown at [C:\jenkins\workspace\8-2-build-windows-i586-cygwin\jdk8u251\737\hotspot\src\share\vm\runtime\sharedRuntime.cpp, line 605]
Event: 12.241 Thread 0x16dc1400 Exception <a 'java/lang/ArrayIndexOutOfBoundsException'> (0x048fc9d0) thrown at [C:\jenkins\workspace\8-2-build-windows-i586-cygwin\jdk8u251\737\hotspot\src\share\vm\runtime\sharedRuntime.cpp, line 605]
Event: 12.242 Thread 0x16dc1400 Exception <a 'java/lang/ArrayIndexOutOfBoundsException'> (0x04908e88) thrown at [C:\jenkins\workspace\8-2-build-windows-i586-cygwin\jdk8u251\737\hotspot\src\share\vm\runtime\sharedRuntime.cpp, line 605]
Event: 12.242 Thread 0x16dc1400 Exception <a 'java/lang/ArrayIndexOutOfBoundsException'> (0x049099f8) thrown at [C:\jenkins\workspace\8-2-build-windows-i586-cygwin\jdk8u251\737\hotspot\src\share\vm\runtime\sharedRuntime.cpp, line 605]
Event: 12.243 Thread 0x16dc1400 Exception <a 'java/lang/ArrayIndexOutOfBoundsException'> (0x04911050) thrown at [C:\jenkins\workspace\8-2-build-windows-i586-cygwin\jdk8u251\737\hotspot\src\share\vm\runtime\sharedRuntime.cpp, line 605]

Events (10 events):
Event: 2806398.468 Thread 0x025b6800 flushing nmethod 0x0276c088
Event: 2806398.468 Thread 0x025b6800 flushing nmethod 0x02812d88
Event: 2806418.468 Thread 0x025b6800 flushing nmethod 0x026ec208
Event: 2806418.468 Thread 0x025b6800 flushing nmethod 0x026efd88
Event: 2806428.467 Thread 0x025b6800 flushing nmethod 0x0270fe08
Event: 2806428.467 Thread 0x025b6800 flushing nmethod 0x0273b1c8
Event: 2806428.468 Thread 0x025b6800 flushing nmethod 0x02752948
Event: 2806428.468 Thread 0x025b6800 flushing nmethod 0x02753788
Event: 2806433.467 Thread 0x025b6800 flushing nmethod 0x026e7fc8
Event: 2806433.467 Thread 0x025b6800 flushing nmethod 0x026ecfc8


Dynamic libraries:
0x00410000 - 0x00443000 	C:\Program Files (x86)\Common Files\Oracle\Java\javapath\java.exe
0x776a0000 - 0x7783a000 	C:\WINDOWS\SYSTEM32\ntdll.dll
0x77130000 - 0x77210000 	C:\WINDOWS\System32\KERNEL32.DLL
0x772f0000 - 0x774ee000 	C:\WINDOWS\System32\KERNELBASE.dll
0x62cb0000 - 0x62d4f000 	C:\WINDOWS\SYSTEM32\apphelp.dll
0x753f0000 - 0x75469000 	C:\WINDOWS\System32\ADVAPI32.dll
0x76f50000 - 0x7700f000 	C:\WINDOWS\System32\msvcrt.dll
0x751b0000 - 0x75226000 	C:\WINDOWS\System32\sechost.dll
0x75bf0000 - 0x75cab000 	C:\WINDOWS\System32\RPCRT4.dll
0x74e70000 - 0x74e90000 	C:\WINDOWS\System32\SspiCli.dll
0x74e60000 - 0x74e6a000 	C:\WINDOWS\System32\CRYPTBASE.dll
0x77290000 - 0x772ef000 	C:\WINDOWS\System32\bcryptPrimitives.dll
0x774f0000 - 0x77687000 	C:\WINDOWS\System32\USER32.dll
0x75470000 - 0x75487000 	C:\WINDOWS\System32\win32u.dll
0x756a0000 - 0x756c1000 	C:\WINDOWS\System32\GDI32.dll
0x74f50000 - 0x750ab000 	C:\WINDOWS\System32\gdi32full.dll
0x754e0000 - 0x7555c000 	C:\WINDOWS\System32\msvcp_win.dll
0x77010000 - 0x7712f000 	C:\WINDOWS\System32\ucrtbase.dll
0x67580000 - 0x6778f000 	C:\WINDOWS\WinSxS\x86_microsoft.windows.common-controls_6595b64144ccf1df_6.0.18362.900_none_2e6bf0b02790a61d\COMCTL32.dll
0x75cb0000 - 0x75f25000 	C:\WINDOWS\System32\combase.dll
0x76120000 - 0x76145000 	C:\WINDOWS\System32\IMM32.DLL
0x5cf00000 - 0x5cfbf000 	C:\Program Files (x86)\Java\jre1.8.0_251\bin\msvcr100.dll
0x58e70000 - 0x59249000 	C:\Program Files (x86)\Java\jre1.8.0_251\bin\client\jvm.dll
0x762b0000 - 0x762b6000 	C:\WINDOWS\System32\PSAPI.DLL
0x74df0000 - 0x74df8000 	C:\WINDOWS\SYSTEM32\VERSION.dll
0x6ec60000 - 0x6ec84000 	C:\WINDOWS\SYSTEM32\WINMM.dll
0x6ec30000 - 0x6ec53000 	C:\WINDOWS\SYSTEM32\winmmbase.dll
0x76e60000 - 0x76e9b000 	C:\WINDOWS\System32\cfgmgr32.dll
0x6be60000 - 0x6be68000 	C:\WINDOWS\SYSTEM32\WSOCK32.dll
0x75740000 - 0x7579e000 	C:\WINDOWS\System32\ws2_32.DLL
0x5d4c0000 - 0x5d4cc000 	C:\Program Files (x86)\Java\jre1.8.0_251\bin\verify.dll
0x5beb0000 - 0x5bed1000 	C:\Program Files (x86)\Java\jre1.8.0_251\bin\java.dll
0x5be90000 - 0x5bea4000 	C:\Program Files (x86)\Java\jre1.8.0_251\bin\zip.dll
0x768e0000 - 0x76e59000 	C:\WINDOWS\System32\SHELL32.dll
0x75360000 - 0x753e4000 	C:\WINDOWS\System32\shcore.dll
0x762c0000 - 0x76886000 	C:\WINDOWS\System32\windows.storage.dll
0x76260000 - 0x7627b000 	C:\WINDOWS\System32\profapi.dll
0x75490000 - 0x754d3000 	C:\WINDOWS\System32\powrprof.dll
0x75560000 - 0x7556d000 	C:\WINDOWS\System32\UMPDC.dll
0x76890000 - 0x768d4000 	C:\WINDOWS\System32\shlwapi.dll
0x75690000 - 0x7569f000 	C:\WINDOWS\System32\kernel.appcore.dll
0x77260000 - 0x77273000 	C:\WINDOWS\System32\cryptsp.dll
0x5be70000 - 0x5be86000 	C:\Program Files (x86)\Java\jre1.8.0_251\bin\net.dll
0x72d40000 - 0x72d92000 	C:\WINDOWS\system32\mswsock.dll
0x72cc0000 - 0x72cd1000 	C:\WINDOWS\system32\napinsp.dll
0x72ca0000 - 0x72cb6000 	C:\WINDOWS\system32\pnrpnsp.dll
0x741e0000 - 0x74273000 	C:\WINDOWS\SYSTEM32\DNSAPI.dll
0x756d0000 - 0x756d7000 	C:\WINDOWS\System32\NSI.dll
0x74db0000 - 0x74de2000 	C:\WINDOWS\SYSTEM32\IPHLPAPI.DLL
0x72c90000 - 0x72c9b000 	C:\WINDOWS\System32\winrnr.dll
0x72c70000 - 0x72c86000 	C:\WINDOWS\system32\NLAapi.dll
0x72c60000 - 0x72c70000 	C:\WINDOWS\system32\wshbth.dll
0x71c30000 - 0x71c38000 	C:\Windows\System32\rasadhlp.dll
0x71b60000 - 0x71bb1000 	C:\WINDOWS\System32\fwpuclnt.dll
0x76290000 - 0x762a9000 	C:\WINDOWS\System32\bcrypt.dll
0x5be60000 - 0x5be6f000 	C:\Program Files (x86)\Java\jre1.8.0_251\bin\nio.dll
0x72d10000 - 0x72d3f000 	C:\WINDOWS\system32\rsaenh.dll
0x6fe70000 - 0x6fe8e000 	C:\WINDOWS\SYSTEM32\USERENV.dll
0x74420000 - 0x74433000 	C:\WINDOWS\SYSTEM32\dhcpcsvc6.DLL
0x74280000 - 0x74295000 	C:\WINDOWS\SYSTEM32\dhcpcsvc.DLL
0x5be20000 - 0x5be2a000 	C:\Program Files (x86)\Java\jre1.8.0_251\bin\management.dll

VM Arguments:
jvm_args: -Dprog.home=C:\Users\funin\Documents\GitHub\Lab_control\scalabrad-web-server-2.0.6\bin\.. -Dprog.version=2.0.6 
java_command: org.labrad.browser.WebServer
java_class_path (initial): C:\Users\funin\Documents\GitHub\Lab_control\scalabrad-web-server-2.0.6\bin\..\lib\anorm_2.11-2.4.0-M2.jar;C:\Users\funin\Documents\GitHub\Lab_control\scalabrad-web-server-2.0.6\bin\..\lib\argot_2.11-1.0.4.jar;C:\Users\funin\Documents\GitHub\Lab_control\scalabrad-web-server-2.0.6\bin\..\lib\bcpkix-jdk15on-1.52.jar;C:\Users\funin\Documents\GitHub\Lab_control\scalabrad-web-server-2.0.6\bin\..\lib\bcprov-jdk15on-1.52.jar;C:\Users\funin\Documents\GitHub\Lab_control\scalabrad-web-server-2.0.6\bin\..\lib\commons-codec-1.3.jar;C:\Users\funin\Documents\GitHub\Lab_control\scalabrad-web-server-2.0.6\bin\..\lib\commons-logging-1.1.1.jar;C:\Users\funin\Documents\GitHub\Lab_control\scalabrad-web-server-2.0.6\bin\..\lib\config-1.3.0.jar;C:\Users\funin\Documents\GitHub\Lab_control\scalabrad-web-server-2.0.6\bin\..\lib\fastparse-utils_2.11-0.3.5.jar;C:\Users\funin\Documents\GitHub\Lab_control\scalabrad-web-server-2.0.6\bin\..\lib\fastparse_2.11-0.3.5.jar;C:\Users\funin\Documents\GitHub\Lab_control\scalabrad-web-server-2.0.6\bin\..\lib\google-api-client-1.19.0.jar;C:\Users\funin\Documents\GitHub\Lab_control\scalabrad-web-server-2.0.6\bin\..\lib\google-http-client-1.19.0.jar;C:\Users\funin\Documents\GitHub\Lab_control\scalabrad-web-server-2.0.6\bin\..\lib\google-http-client-jackson2-1.19.0.jar;C:\Users\funin\Documents\GitHub\Lab_control\scalabrad-web-server-2.0.6\bin\..\lib\google-oauth-client-1.19.0.jar;C:\Users\funin\Documents\GitHub\Lab_control\scalabrad-web-server-2.0.6\bin\..\lib\grizzled-scala_2.11-1.3.jar;C:\Users\funin\Documents\GitHub\Lab_control\scalabrad-web-server-2.0.6\bin\..\lib\guava-jdk5-13.0.jar;C:\Users\funin\Documents\GitHub\Lab_control\scalabrad-web-server-2.0.6\bin\..\lib\httpclient-4.0.1.jar;C:\Users\funin\Documents\GitHub\Lab_control\scalabrad-web-server-2.0.6\bin\..\lib\httpcore-4.0.1.jar;C:\Users\funin\Documents\GitHub\Lab_control\scalabrad-web-server-2.0.6\bin\..\lib\jackson-annotations-2.5.3.jar;C:\Users\funin\Documents\GitHub\La
Launcher Type: SUN_STANDARD

Environment Variables:
PATH=C:\Program Files\Pico Technology\SDK\lib\;C:\Program Files (x86)\Common Files\Oracle\Java\javapath;C:\Program Files (x86)\Intel\Intel(R) Management Engine Components\iCLS\;C:\Program Files\Intel\Intel(R) Management Engine Components\iCLS\;C:\Windows\system32;C:\Windows;C:\Windows\System32\Wbem;C:\Windows\System32\WindowsPowerShell\v1.0\;C:\Windows\System32\OpenSSH\;C:\Program Files (x86)\Intel\Intel(R) Management Engine Components\DAL;C:\Program Files\Intel\Intel(R) Management Engine Components\DAL;C:\Program Files (x86)\Intel\Intel(R) Management Engine Components\IPT;C:\Program Files\Intel\Intel(R) Management Engine Components\IPT;C:\Program Files (x86)\NVIDIA Corporation\PhysX\Common;C:\Program Files\Point Grey Research\Spinnaker\bin64\vs2015;C:\Program Files\Point Grey Research\Spinnaker\bin\vs2015;C:\Program Files\Keysight\IO Libraries Suite\bin;C:\Program Files\IVI Foundation\VISA\Win64\ktvisa;C:\Program Files\IVI Foundation\VISA\Win64\bin;C:\Program Files (x86)\Keysight\IO Libraries Suite\bin;C:\Program Files (x86)\IVI Foundation\VISA\WinNT\ktvisa;C:\Program Files (x86)\IVI Foundation\VISA\WinNT\bin;C:\Program Files (x86)\IVI Foundation\IVI\bin;C:\Program Files\IVI Foundation\IVI\bin;C:\Program Files (x86)\IVI Foundation\VISA\WinNT\Bin\;C:\Program Files\IVI Foundation\VISA\Win64\Bin\;C:\Program Files (x86)\IVI Foundation\VISA\winnt\agvisa;C:\WINDOWS\system32;C:\WINDOWS;C:\WINDOWS\System32\Wbem;C:\WINDOWS\System32\WindowsPowerShell\v1.0\;C:\WINDOWS\System32\OpenSSH\;C:\Program Files\MATLAB\R2019b\bin;C:\Program Files\PuTTY\;C:\Program Files (x86)\Notepad++\;C:\Program Files (x86)\GnuWin32\bin;C:\Users\funin\anaconda3\envs\code3;C:\Program Files\Point Grey Research\FlyCap2 Viewer\bin64;%FC2PATH\vs2013;C:\Program Files\Point Grey Research\FlyCap2 Viewer\bin64\vs2015;C:\Program Files (x86)\Pico Technology\PicoScope6\;C:\Users\funin\AppData\Local\Microsoft\WindowsApps;C:\Users\funin\AppData\Local\GitHubDesktop\bin
USERNAME=funin
OS=Windows_NT
PROCESSOR_IDENTIFIER=Intel64 Family 6 Model 158 Stepping 9, GenuineIntel



---------------  S Y S T E M  ---------------

OS: Windows 10.0 , 64 bit Build 18362 (10.0.18362.900)

CPU:total 4 (initial active 4) (4 cores per cpu, 1 threads per core) family 6 model 158 stepping 9, cmov, cx8, fxsr, mmx, sse, sse2, sse3, ssse3, sse4.1, sse4.2, popcnt, avx, avx2, aes, clmul, erms, rtm, 3dnowpref, lzcnt, tsc, tscinvbit, bmi1, bmi2, adx

Memory: 4k page, physical 8264920k(309348k free), swap 33430744k(0k free)

vm_info: Java HotSpot(TM) Client VM (25.251-b08) for windows-x86 JRE (1.8.0_251-b08), built on Mar 12 2020 06:33:01 by "" with MS VC++ 10.0 (VS2010)

time: Tue May 18 06:22:22 2021
timezone: Eastern Daylight Time
elapsed time: 2806463 seconds (32d 11h 34m 23s)

